Запрос:
		DELETE FROM `news1`
		WHERE `id`=8
	Table 'solotatyana.news1' doesn't exist

Запрос:
		DELETE FROM `news1`
		WHERE `id`=8
	Table 'solotatyana.news1' doesn't exist

Запрос:
		DELETE FROM `news1`
		WHERE `id`=8
	Table 'solotatyana.news1' doesn't exist

Запрос:
		DELETE FROM `news1`
		WHERE `id`=8
	Table 'solotatyana.news1' doesn't exist

Запрос:
		DELETE FROM `news1`
		WHERE `id`=8
	Table 'solotatyana.news1' doesn't exist

Запрос:
		DELETE FROM `news5`
		WHERE `id`=8
	Table 'solotatyana.news5' doesn't exist

Запрос:
		DELETE FROM `news5`
		WHERE `id`=8
	Table 'solotatyana.news5' doesn't exist

Запрос:
		DELETE FROM `news5`
		WHERE `id`=8
	Table 'solotatyana.news5' doesn't exist

Запрос:
		DELETE FROM `news5`
		WHERE `id`=8
	Table 'solotatyana.news5' doesn't exist

Запрос:
		DELETE FROM `news5`
		WHERE `id`=8
	Table 'solotatyana.news5' doesn't exist

Запрос:
		DELETE FROM `news111`
		WHERE `id`=8
	Table 'solotatyana.news111' doesn't exist

Запрос:
		DELETE FROM `news111`
		WHERE `id`=8
	Table 'solotatyana.news111' doesn't exist

Запрос:
		DELETE FROM `news111`
		WHERE `id`=8
	Table 'solotatyana.news111' doesn't exist

Запрос:
		DELETE FROM `news555`
		WHERE `id`=8
	Table 'solotatyana.news555' doesn't exist

Запрос:
		DELETE FROM `news555`
		WHERE `id`=8
	Table 'solotatyana.news555' doesn't exist

2018-07-19:22:40:57

Запрос:
		DELETE FROM `news555`
		WHERE `id`=8
	Table 'solotatyana.news555' doesn't exist

2018-07-19:22:41:07

Запрос:
		DELETE FROM `news555`
		WHERE `id`=8
	Table 'solotatyana.news555' doesn't exist

2018-07-20:18:02:55

Запрос:
		DELETE FROM `news555`
		WHERE `id`=8
	Table 'solotatyana.news555' doesn't exist

2018-07-20:18:04:31

Запрос:
		DELETE FROM `news555`
		WHERE `id`=8
	Table 'solotatyana.news555' doesn't exist

2018-07-20:18:05:45

Запрос:
		DELETE FROM `news555`
		WHERE `id`=8
	Table 'solotatyana.news555' doesn't exist

2018-07-20:18:05:48

Запрос:
		DELETE FROM `news555`
		WHERE `id`=8
	Table 'solotatyana.news555' doesn't exist

2018-07-20:18:29:46

Запрос:
		DELETE FROM `news555`
		WHERE `id`=8
	Table 'solotatyana.news555' doesn't exist

2018-07-20:18:30:40

Запрос:
		DELETE FROM `news555`
		WHERE `id`=8
	Table 'solotatyana.news555' doesn't exist

2018-07-21:16:51:49

Запрос:
		DELETE FROM `news555`
		WHERE `id`=8
	Table 'solotatyana.news555' doesn't exist

2018-07-21:17:00:47

C:\OpenServer2018\OSPanel\domains\solotatyana.ru\index.php

18

Запрос:
		DELETE FROM `news555`
		WHERE `id`=8
	Table 'solotatyana.news555' doesn't exist

2018-07-21:17:02:36

C:\OpenServer2018\OSPanel\domains\solotatyana.ru\index.php

18

Запрос:
		DELETE FROM `news555`
		WHERE `id`=8
	Table 'solotatyana.news555' doesn't exist

2018-07-21:17:26:07

C:\OpenServer2018\OSPanel\domains\solotatyana.ru\index.php

Запрос:
		DELETE FROM `news555`
		WHERE `id`=8
	Table 'solotatyana.news555' doesn't exist

2018-07-21:17:27:51

C:\OpenServer2018\OSPanel\domains\solotatyana.ru\index.php

Запрос:
		DELETE FROM `news555`
		WHERE `id`=8
	Table 'solotatyana.news555' doesn't exist

2018-07-23:13:12:21

C:\OpenServer2018\OSPanel\domains\solotatyana.ru\index.php

18

Запрос:
		DELETE FROM `news555`
		WHERE `id`=8
	Table 'solotatyana.news555' doesn't exist

2018-07-23:13:49:07

C:\OpenServer2018\OSPanel\domains\solotatyana.ru\index.php

18

Запрос:
		DELETE FROM `news555`
		WHERE `id`=8
	Table 'solotatyana.news555' doesn't exist

2018-07-23:13:49:09

C:\OpenServer2018\OSPanel\domains\solotatyana.ru\index.php

18

Запрос:
		DELETE FROM `news555`
		WHERE `id`=8
	Table 'solotatyana.news555' doesn't exist

2018-07-23:13:49:33

C:\OpenServer2018\OSPanel\domains\solotatyana.ru\index.php

18

Запрос:
		DELETE FROM `news555`
		WHERE `id`=8
	Table 'solotatyana.news555' doesn't exist

2018-07-23:13:51:21

C:\OpenServer2018\OSPanel\domains\solotatyana.ru\index.php

18

Запрос:
		DELETE FROM `news555`
		WHERE `id`=8
	Table 'solotatyana.news555' doesn't exist

2018-07-23:13:51:25

C:\OpenServer2018\OSPanel\domains\solotatyana.ru\index.php

18

Запрос:
		DELETE FROM `news555`
		WHERE `id`=8
	Table 'solotatyana.news555' doesn't exist

2018-07-23:13:51:37

C:\OpenServer2018\OSPanel\domains\solotatyana.ru\index.php

18

Запрос:
		DELETE FROM `news555`
		WHERE `id`=8
	Table 'solotatyana.news555' doesn't exist

2018-07-23:14:02:22

C:\OpenServer2018\OSPanel\domains\solotatyana.ru\index.php

18

Запрос:
		DELETE FROM `news555`
		WHERE `id`=8
	Table 'solotatyana.news555' doesn't exist

2018-07-23:14:03:19

C:\OpenServer2018\OSPanel\domains\solotatyana.ru\index.php

18

Запрос:
		DELETE FROM `news555`
		WHERE `id`=8
	Table 'solotatyana.news555' doesn't exist

2018-07-23:14:03:49

C:\OpenServer2018\OSPanel\domains\solotatyana.ru\index.php

18

Запрос:
			SELECT `id` 
			FROM `users`
			WHERE  `login`='inpost'
			LIMIT1
		You have an error in your SQL syntax; check the manual that corresponds to your MySQL server version for the right syntax to use near 'LIMIT1' at line 4

2018-08-05:18:15:08

C:\OpenServer2018\OSPanel\domains\solotatyana.ru\index.php

18

Запрос:
			SELECT `id` 
			FROM `users`
			WHERE  `login`='inpost';
			LIMIT1
		You have an error in your SQL syntax; check the manual that corresponds to your MySQL server version for the right syntax to use near 'LIMIT1' at line 4

2018-08-05:18:23:19

C:\OpenServer2018\OSPanel\domains\solotatyana.ru\index.php

18

Запрос:
		DELETE FROM `news`
		WHERE `id` IN ()
		You have an error in your SQL syntax; check the manual that corresponds to your MySQL server version for the right syntax to use near ')' at line 2

2018-09-17:16:40:32

C:\OpenServer2018\OSPanel\domains\solotatyana.ru\index.php

19

Запрос:
		DELETE FROM `news`
		WHERE `id` IN ()
		You have an error in your SQL syntax; check the manual that corresponds to your MySQL server version for the right syntax to use near ')' at line 2

2018-09-18:21:37:25

C:\OpenServer2018\OSPanel\domains\solotatyana.ru\index.php

19

Запрос:
		DELETE FROM `news`
		WHERE `id` IN ()
		You have an error in your SQL syntax; check the manual that corresponds to your MySQL server version for the right syntax to use near ')' at line 2

2018-09-19:15:44:38

C:\OpenServer2018\OSPanel\domains\solotatyana.ru\index.php

19

Запрос:
		DELETE FROM `news`
		WHERE `id` IN ()
		You have an error in your SQL syntax; check the manual that corresponds to your MySQL server version for the right syntax to use near ')' at line 2

2018-09-19:16:01:36

C:\OpenServer2018\OSPanel\domains\solotatyana.ru\index.php

19

Запрос:
		SELECT * FROM `news`
		FROM `news` ORDER BY `id`
	  You have an error in your SQL syntax; check the manual that corresponds to your MySQL server version for the right syntax to use near 'FROM `news` ORDER BY `id`' at line 2

2018-09-19:16:53:12

C:\OpenServer2018\OSPanel\domains\solotatyana.ru\index.php

19

Запрос:Холодильник с нижней морозильной камерой Hotpoint-Ariston HF You have an error in your SQL syntax; check the manual that corresponds to your MySQL server version for the right syntax to use near 'Холодильник с нижней морозильной камерой Hot' at line 1

2018-09-22:15:58:58

C:\OpenServer2018\OSPanel\domains\solotatyana.ru\index.php

19

Запрос:`'You have an error in your SQL syntax; check the manual that corresponds to your MySQL server version for the right syntax to use near '`'' at line 1

2018-09-22:20:36:55

C:\OpenServer2018\OSPanel\domains\solotatyana.ru\index.php

19

Запрос:`'You have an error in your SQL syntax; check the manual that corresponds to your MySQL server version for the right syntax to use near '`'' at line 1

2018-09-22:20:39:20

C:\OpenServer2018\OSPanel\domains\solotatyana.ru\index.php

19

Запрос:
	DELETE FROM `goods` 
	WHERE `id` IN ()
You have an error in your SQL syntax; check the manual that corresponds to your MySQL server version for the right syntax to use near ')' at line 2

2018-10-01:18:44:59

C:\OpenServer2018\OSPanel\domains\solotatyana.ru\index.php

19

Запрос:
	DELETE FROM `goods` 
	WHERE `id` IN (on)
    You have an error in your SQL syntax; check the manual that corresponds to your MySQL server version for the right syntax to use near 'on)' at line 2

2018-11-10:16:51:44

C:\OpenServer2018\OSPanel\domains\solotatyana.ru\index.php

19

Запрос:
	DELETE FROM `goods` 
	WHERE `id` IN (on)
	You have an error in your SQL syntax; check the manual that corresponds to your MySQL server version for the right syntax to use near 'on)' at line 2

2018-11-10:16:58:27

C:\OpenServer2018\OSPanel\domains\solotatyana.ru\index.php

19

Запрос:
		DELETE FROM `goods` 
		WHERE `id` IN on
	You have an error in your SQL syntax; check the manual that corresponds to your MySQL server version for the right syntax to use near 'on' at line 2

2018-11-10:16:59:56

C:\OpenServer2018\OSPanel\domains\solotatyana.ru\index.php

19

Запрос:
		DELETE FROM `goods` 
		WHERE `id` IN (on)
	You have an error in your SQL syntax; check the manual that corresponds to your MySQL server version for the right syntax to use near 'on)' at line 2

2018-11-10:17:29:14

C:\OpenServer2018\OSPanel\domains\solotatyana.ru\index.php

19

Запрос:
		DELETE FROM `goods` 
		WHERE `id` IN (on)
	You have an error in your SQL syntax; check the manual that corresponds to your MySQL server version for the right syntax to use near 'on)' at line 2

2018-11-10:17:36:03

C:\OpenServer2018\OSPanel\domains\solotatyana.ru\index.php

19

Запрос:
		DELETE FROM `goods` 
		WHERE `id` IN (on)
	You have an error in your SQL syntax; check the manual that corresponds to your MySQL server version for the right syntax to use near 'on)' at line 2

2018-11-10:17:37:11

C:\OpenServer2018\OSPanel\domains\solotatyana.ru\index.php

19

Запрос:
		DELETE FROM `goods` 
		WHERE `id` IN (on)
	You have an error in your SQL syntax; check the manual that corresponds to your MySQL server version for the right syntax to use near 'on)' at line 2

2018-11-11:21:56:32

C:\OpenServer2018\OSPanel\domains\solotatyana.ru\index.php

19

Запрос:
		DELETE FROM `goods` 
		WHERE `id` IN (on)
	You have an error in your SQL syntax; check the manual that corresponds to your MySQL server version for the right syntax to use near 'on)' at line 2

2018-11-11:21:59:14

C:\OpenServer2018\OSPanel\domains\solotatyana.ru\index.php

19

Запрос:
		DELETE FROM `goods` 
		WHERE `id` IN (on)
	You have an error in your SQL syntax; check the manual that corresponds to your MySQL server version for the right syntax to use near 'on)' at line 2

2018-11-12:11:19:48

C:\OpenServer2018\OSPanel\domains\solotatyana.ru\index.php

19

Запрос:
		DELETE FROM `goods` 
		WHERE `id` IN (on)
	You have an error in your SQL syntax; check the manual that corresponds to your MySQL server version for the right syntax to use near 'on)' at line 2

2018-11-12:12:28:33

C:\OpenServer2018\OSPanel\domains\solotatyana.ru\index.php

19

Запрос:
		DELETE FROM `goods` 
		WHERE `id` IN (on,on)
	You have an error in your SQL syntax; check the manual that corresponds to your MySQL server version for the right syntax to use near 'on,on)' at line 2

2018-11-12:12:43:04

C:\OpenServer2018\OSPanel\domains\solotatyana.ru\index.php

19

Запрос:
		DELETE FROM `goods` 
		WHERE `id` IN (on,on)
	You have an error in your SQL syntax; check the manual that corresponds to your MySQL server version for the right syntax to use near 'on,on)' at line 2

2018-11-12:13:01:04

C:\OpenServer2018\OSPanel\domains\solotatyana.ru\index.php

19

Запрос:
		DELETE FROM `goods` 
		WHERE `id` IN (on,on)
	You have an error in your SQL syntax; check the manual that corresponds to your MySQL server version for the right syntax to use near 'on,on)' at line 2

2018-11-12:13:02:17

C:\OpenServer2018\OSPanel\domains\solotatyana.ru\index.php

19

Запрос:
		DELETE FROM `goods` 
		WHERE `id` IN (on,on)
	You have an error in your SQL syntax; check the manual that corresponds to your MySQL server version for the right syntax to use near 'on,on)' at line 2

2018-11-12:13:02:37

C:\OpenServer2018\OSPanel\domains\solotatyana.ru\index.php

19

Запрос:
		DELETE FROM `goods` 
		WHERE `id` IN (on,on,on)
	You have an error in your SQL syntax; check the manual that corresponds to your MySQL server version for the right syntax to use near 'on,on,on)' at line 2

2018-11-12:13:06:44

C:\OpenServer2018\OSPanel\domains\solotatyana.ru\index.php

19

Запрос:
		DELETE FROM `goods` 
		WHERE `id` IN (on,on,on)
	You have an error in your SQL syntax; check the manual that corresponds to your MySQL server version for the right syntax to use near 'on,on,on)' at line 2

2018-11-12:13:07:55

C:\OpenServer2018\OSPanel\domains\solotatyana.ru\index.php

19

Запрос:
		DELETE FROM `goods` 
		WHERE `id` IN (on,on,on)
	You have an error in your SQL syntax; check the manual that corresponds to your MySQL server version for the right syntax to use near 'on,on,on)' at line 2

2018-11-12:13:08:01

C:\OpenServer2018\OSPanel\domains\solotatyana.ru\index.php

19

Запрос:
		DELETE FROM `goods` 
		WHERE `id` IN (on,on,on)
	You have an error in your SQL syntax; check the manual that corresponds to your MySQL server version for the right syntax to use near 'on,on,on)' at line 2

2018-11-12:13:08:18

C:\OpenServer2018\OSPanel\domains\solotatyana.ru\index.php

19

Запрос:
		DELETE FROM `goods` 
		WHERE `id` IN (on,on,on)
	You have an error in your SQL syntax; check the manual that corresponds to your MySQL server version for the right syntax to use near 'on,on,on)' at line 2

2018-11-12:13:08:42

C:\OpenServer2018\OSPanel\domains\solotatyana.ru\index.php

19

Запрос:
		DELETE FROM `goods` 
		WHERE `id` IN (on,on)
	You have an error in your SQL syntax; check the manual that corresponds to your MySQL server version for the right syntax to use near 'on,on)' at line 2

2018-11-12:13:10:42

C:\OpenServer2018\OSPanel\domains\solotatyana.ru\index.php

19

Запрос:
		DELETE FROM `goods` 
		WHERE `id` IN (on,on)
	You have an error in your SQL syntax; check the manual that corresponds to your MySQL server version for the right syntax to use near 'on,on)' at line 2

2018-11-12:13:12:15

C:\OpenServer2018\OSPanel\domains\solotatyana.ru\index.php

19

Запрос:
		DELETE FROM `goods` 
		WHERE `id` IN (on,on)
	You have an error in your SQL syntax; check the manual that corresponds to your MySQL server version for the right syntax to use near 'on,on)' at line 2

2018-11-12:13:12:20

C:\OpenServer2018\OSPanel\domains\solotatyana.ru\index.php

19

Запрос:
		DELETE FROM `goods` 
		WHERE `id` IN (on,on)
	You have an error in your SQL syntax; check the manual that corresponds to your MySQL server version for the right syntax to use near 'on,on)' at line 2

2018-11-12:13:12:33

C:\OpenServer2018\OSPanel\domains\solotatyana.ru\index.php

19

Запрос:
		DELETE FROM `goods` 
		WHERE `id` IN (on,on)
	You have an error in your SQL syntax; check the manual that corresponds to your MySQL server version for the right syntax to use near 'on,on)' at line 2

2018-11-12:13:13:29

C:\OpenServer2018\OSPanel\domains\solotatyana.ru\index.php

19

Запрос:
		DELETE FROM `goods` 
		WHERE `id` IN (on,on)
	You have an error in your SQL syntax; check the manual that corresponds to your MySQL server version for the right syntax to use near 'on,on)' at line 2

2018-11-12:13:13:42

C:\OpenServer2018\OSPanel\domains\solotatyana.ru\index.php

19

Запрос:
		DELETE FROM `goods` 
		WHERE `id` IN (on,on)
	You have an error in your SQL syntax; check the manual that corresponds to your MySQL server version for the right syntax to use near 'on,on)' at line 2

2018-11-12:13:17:13

C:\OpenServer2018\OSPanel\domains\solotatyana.ru\index.php

19

Запрос:
		DELETE FROM `goods` 
		WHERE `id` IN (on,on)
	You have an error in your SQL syntax; check the manual that corresponds to your MySQL server version for the right syntax to use near 'on,on)' at line 2

2018-11-12:13:17:31

C:\OpenServer2018\OSPanel\domains\solotatyana.ru\index.php

19

Запрос:
		DELETE FROM `goods` 
		WHERE `id` IN (on,on)
	You have an error in your SQL syntax; check the manual that corresponds to your MySQL server version for the right syntax to use near 'on,on)' at line 2

2018-11-12:13:19:47

C:\OpenServer2018\OSPanel\domains\solotatyana.ru\index.php

19

Запрос:
			INSERT INTO `goods` SET 
			`name`='Холодильник с нижней морозильной камерой Hotpoint-Ariston HF ',
			`cat`='',
			`description`='1234',
			`price`      = 67000,
			`delivery`='67000',
			`guarantee`='4 года',
			`stock`      =9999,
			`cod`        =2003678912,
			`date`       = NOW()
		Out of range value for column 'stock' at row 1

2018-11-26:13:26:12

C:\OpenServer2018\OSPanel\domains\solotatyana.ru\index.php

19

Запрос:
			INSERT INTO `goods` SET 
			`name`='Холодильник с нижней морозильной камерой Hotpoint-Ariston HF ',
			`cat`='',
			`description`='1234',
			`price`      = 67000,
			`delivery`='67000',
			`guarantee`='4 года',
			`stock`      =9999,
			`cod`        =2003678912,
			`date`       = NOW()
		Out of range value for column 'stock' at row 1

2018-11-26:13:28:14

C:\OpenServer2018\OSPanel\domains\solotatyana.ru\index.php

19

QUERY: 
    INSERT INTO `messaes` SET
        `author` ='',
        `date`       = NOW(), `message`='bbbbbbbbbbbbbb',
        `stranica`='/index.php'
        
Table 'solotatyana.messaes' doesn't exist
file: C:\OpenServer2018\OSPanel\domains\writer12.ru\modules\reviews\main.php
line: 29
date: 2020-07-13 13:27:03
===================================

QUERY: SELECT * 
            FROM `messages`
                ORDER BY `id`
                DESC
                
Table 'solotatyana.messages' doesn't exist
file: C:\OpenServer2018\OSPanel\domains\writer12.ru\modules\reviews\main.php
line: 34
date: 2020-08-02 17:27:16
===================================

QUERY: 
    		INSERT INTO `users2` SET
    		`login`    = '',
    		`password` = 'CB6EJK3ZCh4l6',
    		`email`    = '',
    		`hash`     = 'CB6EJK3ZCh4l6'
    	
Unknown column 'password' in 'field list'
file: C:\OpenServer2018\OSPanel\domains\writer12.ru\modules\cab\registration.php
line: 93
date: 2020-12-15 21:14:03
===================================

QUERY: 
    		INSERT INTO `users2` SET
    		`login`    = '',
    		`password` = 'CB6EJK3ZCh4l6',
    		`email`    = '',
    		`hash`     = 'CB6EJK3ZCh4l6'
    	
Unknown column 'password' in 'field list'
file: C:\OpenServer2018\OSPanel\domains\writer12.ru\modules\cab\registration.php
line: 93
date: 2020-12-15 21:19:31
===================================

QUERY: 
INSERT INTO `users2` SET
`login`    = '',
`password` = 'CB6EJK3ZCh4l6',

`email`    = '',
`hash`     = 'CB6EJK3ZCh4l6'

Unknown column 'hash' in 'field list'
file: C:\OpenServer2018\OSPanel\domains\writer12.ru\modules\cab\registration.php
line: 8
date: 2020-12-18 16:36:38
===================================

